<?xml version="1.0" encoding="UTF-8"?>
<!-- Generated by org.testng.reporters.JUnitReportReporter -->
<testsuite hostname="MSREDDY" failures="0" tests="4" name="TestNg.TestNg2" time="0.016" errors="0" timestamp="2023-07-12T11:47:10 IST" skipped="0">
  <testcase classname="TestNg.TestNg2" name="TestMethod4" time="0.000"/>
  <testcase classname="TestNg.TestNg2" name="TestMethod" time="0.014"/>
  <testcase classname="TestNg.TestNg2" name="TestMethod2" time="0.000"/>
  <testcase classname="TestNg.TestNg2" name="TestMethod3" time="0.002"/>
</testsuite> <!-- TestNg.TestNg2 -->
