<?xml version="1.0" encoding="UTF-8"?>
<!-- Generated by org.testng.reporters.JUnitReportReporter -->
<testsuite hostname="MSREDDY" failures="0" tests="2" name="TestNg.TestNg1" time="8.218" errors="0" timestamp="2023-07-12T11:47:10 IST" skipped="0">
  <testcase classname="TestNg.TestNg1" name="OpenFacebook" time="4.286"/>
  <testcase classname="TestNg.TestNg1" name="OpenGoogle" time="3.932"/>
</testsuite> <!-- TestNg.TestNg1 -->
